<?xml version="1.0" encoding="UTF-8"?>
<!-- Generated by org.testng.reporters.JUnitReportReporter -->
<testsuite hostname="DESKTOP-PS5UK1D" failures="0" tests="1" name="VWO_Platfrom.LoginPage_To_VWO_Platfrom" time="18.171" errors="0" timestamp="2023-05-20T13:06:09 IST" skipped="0">
  <testcase classname="VWO_Platfrom.LoginPage_To_VWO_Platfrom" name="loginCrenditial" time="18.171"/>
  <system-out/>
</testsuite> <!-- VWO_Platfrom.LoginPage_To_VWO_Platfrom -->
